<?xml version="1.0" encoding="UTF-8"?>
<!-- Generated by org.testng.reporters.JUnitReportReporter -->
<testsuite hostname="Ak-PC" name="com.chrome.Demo.ChromeDemo" tests="1" failures="0" timestamp="14 Sep 2016 16:22:41 GMT" time="19.912" errors="0">
  <testcase name="test1" time="19.912" classname="com.chrome.Demo.ChromeDemo"/>
</testsuite> <!-- com.chrome.Demo.ChromeDemo -->
